#! /usr/local/Cellar/icarus-verilog/11.0/bin/vvp
:ivl_version "11.0 (stable)";
:ivl_delay_selection "TYPICAL";
:vpi_time_precision + 0;
:vpi_module "/usr/local/Cellar/icarus-verilog/11.0/lib/ivl/system.vpi";
:vpi_module "/usr/local/Cellar/icarus-verilog/11.0/lib/ivl/vhdl_sys.vpi";
:vpi_module "/usr/local/Cellar/icarus-verilog/11.0/lib/ivl/vhdl_textio.vpi";
:vpi_module "/usr/local/Cellar/icarus-verilog/11.0/lib/ivl/v2005_math.vpi";
:vpi_module "/usr/local/Cellar/icarus-verilog/11.0/lib/ivl/va_math.vpi";
:vpi_module "/usr/local/Cellar/icarus-verilog/11.0/lib/ivl/v2009.vpi";
S_0x7fcb6141fc30 .scope package, "$unit" "$unit" 2 1;
 .timescale 0 0;
S_0x7fcb6141fda0 .scope module, "test" "test" 3 177;
 .timescale 0 0;
v0x7fcb61452c70_0 .var "clk", 0 0;
v0x7fcb61452d90_0 .var "x1", 31 0;
v0x7fcb61452e20_0 .var "x2", 31 0;
v0x7fcb61452ed0_0 .net "y", 31 0, v0x7fcb61452b60_0;  1 drivers
S_0x7fcb61406b60 .scope module, "uut" "fdiv" 3 182, 3 134 0, S_0x7fcb6141fda0;
 .timescale 0 0;
    .port_info 0 /INPUT 1 "clk";
    .port_info 1 /INPUT 32 "x1";
    .port_info 2 /INPUT 32 "x2";
    .port_info 3 /OUTPUT 32 "y";
v0x7fcb61451810_0 .net *"_ivl_1", 7 0, L_0x7fcb61452f80;  1 drivers
L_0x7fcb61663098 .functor BUFT 1, C4<00000100>, C4<0>, C4<0>, C4<0>;
v0x7fcb614518d0_0 .net/2u *"_ivl_10", 7 0, L_0x7fcb61663098;  1 drivers
L_0x7fcb616630e0 .functor BUFT 1, C4<00000000>, C4<0>, C4<0>, C4<0>;
v0x7fcb61451970_0 .net/2u *"_ivl_12", 7 0, L_0x7fcb616630e0;  1 drivers
v0x7fcb61451a20_0 .net *"_ivl_17", 0 0, L_0x7fcb614534f0;  1 drivers
v0x7fcb61451ad0_0 .net *"_ivl_19", 7 0, L_0x7fcb614535c0;  1 drivers
v0x7fcb61451bc0_0 .net *"_ivl_2", 31 0, L_0x7fcb61453080;  1 drivers
v0x7fcb61451c70_0 .net *"_ivl_20", 7 0, L_0x7fcb614536e0;  1 drivers
v0x7fcb61451d20_0 .net *"_ivl_23", 22 0, L_0x7fcb61453820;  1 drivers
L_0x7fcb61663008 .functor BUFT 1, C4<000000000000000000000000>, C4<0>, C4<0>, C4<0>;
v0x7fcb61451dd0_0 .net *"_ivl_5", 23 0, L_0x7fcb61663008;  1 drivers
L_0x7fcb61663050 .functor BUFT 1, C4<00000000000000000000000011111101>, C4<0>, C4<0>, C4<0>;
v0x7fcb61451ee0_0 .net/2u *"_ivl_6", 31 0, L_0x7fcb61663050;  1 drivers
v0x7fcb61451f90_0 .net *"_ivl_8", 0 0, L_0x7fcb61453210;  1 drivers
v0x7fcb61452030_0 .net "clk", 0 0, v0x7fcb61452c70_0;  1 drivers
v0x7fcb614520c0_0 .net "e_diff1", 7 0, L_0x7fcb61453370;  1 drivers
v0x7fcb61452170_0 .var "e_diff2", 7 0;
v0x7fcb61452220_0 .var "e_diff3", 7 0;
v0x7fcb614522d0_0 .var "e_diff4", 7 0;
v0x7fcb61452380_0 .var "e_diff5", 7 0;
v0x7fcb61452510_0 .var "e_diff6", 7 0;
v0x7fcb614525a0_0 .var "e_diff7", 7 0;
v0x7fcb61452650_0 .net "inv_x2", 31 0, v0x7fcb6144f100_0;  1 drivers
v0x7fcb61452730_0 .net "modified_x2", 31 0, L_0x7fcb614538c0;  1 drivers
v0x7fcb614527c0_0 .net "tmp", 31 0, v0x7fcb61451710_0;  1 drivers
v0x7fcb61452850_0 .net "x1", 31 0, v0x7fcb61452d90_0;  1 drivers
v0x7fcb614528e0_0 .var "x1_2", 31 0;
v0x7fcb61452970_0 .var "x1_3", 31 0;
v0x7fcb61452a00_0 .var "x1_4", 31 0;
v0x7fcb61452ac0_0 .net "x2", 31 0, v0x7fcb61452e20_0;  1 drivers
v0x7fcb61452b60_0 .var "y", 31 0;
L_0x7fcb61452f80 .part v0x7fcb61452e20_0, 23, 8;
L_0x7fcb61453080 .concat [ 8 24 0 0], L_0x7fcb61452f80, L_0x7fcb61663008;
L_0x7fcb61453210 .cmp/ge 32, L_0x7fcb61453080, L_0x7fcb61663050;
L_0x7fcb61453370 .functor MUXZ 8, L_0x7fcb616630e0, L_0x7fcb61663098, L_0x7fcb61453210, C4<>;
L_0x7fcb614534f0 .part v0x7fcb61452e20_0, 31, 1;
L_0x7fcb614535c0 .part v0x7fcb61452e20_0, 23, 8;
L_0x7fcb614536e0 .arith/sub 8, L_0x7fcb614535c0, L_0x7fcb61453370;
L_0x7fcb61453820 .part v0x7fcb61452e20_0, 0, 23;
L_0x7fcb614538c0 .concat [ 23 8 1 0], L_0x7fcb61453820, L_0x7fcb614536e0, L_0x7fcb614534f0;
S_0x7fcb61406cd0 .scope module, "uut1" "finv" 3 145, 3 32 0, S_0x7fcb61406b60;
 .timescale 0 0;
    .port_info 0 /INPUT 1 "clk";
    .port_info 1 /INPUT 32 "x";
    .port_info 2 /OUTPUT 32 "y";
v0x7fcb6144e240_0 .net *"_ivl_14", 25 0, L_0x7fcb61453d10;  1 drivers
L_0x7fcb61663200 .functor BUFT 1, C4<00000000000000000000000>, C4<0>, C4<0>, C4<0>;
v0x7fcb6144e300_0 .net *"_ivl_16", 22 0, L_0x7fcb61663200;  1 drivers
v0x7fcb6144e3a0_0 .net *"_ivl_21", 22 0, L_0x7fcb61454020;  1 drivers
v0x7fcb6144e430_0 .net "a", 23 0, v0x7fcb6144da70_0;  1 drivers
v0x7fcb6144e4f0_0 .net "addr", 9 0, L_0x7fcb61453c70;  1 drivers
v0x7fcb6144e5c0_0 .net "b", 23 0, v0x7fcb6144dbe0_0;  1 drivers
v0x7fcb6144e670_0 .var "b2", 48 0;
v0x7fcb6144e710_0 .net "clk", 0 0, v0x7fcb61452c70_0;  alias, 1 drivers
v0x7fcb6144e7c0_0 .net "e1", 7 0, L_0x7fcb61453ab0;  1 drivers
v0x7fcb6144e8e0_0 .var "e2", 7 0;
v0x7fcb6144e990_0 .var "e3", 7 0;
v0x7fcb6144ea40_0 .var "m1", 24 0;
v0x7fcb6144eaf0_0 .var "m2", 48 0;
v0x7fcb6144eba0_0 .net "m3", 48 0, L_0x7fcb61453f20;  1 drivers
v0x7fcb6144ec50_0 .net "m4", 48 0, L_0x7fcb61453db0;  1 drivers
v0x7fcb6144ed00_0 .net "s1", 0 0, L_0x7fcb61453b50;  1 drivers
v0x7fcb6144eda0_0 .var "s2", 0 0;
v0x7fcb6144ef30_0 .var "s3", 0 0;
v0x7fcb6144efc0_0 .net "tmp", 31 0, L_0x7fcb61454100;  1 drivers
v0x7fcb6144f050_0 .net "x", 31 0, L_0x7fcb614538c0;  alias, 1 drivers
v0x7fcb6144f100_0 .var "y", 31 0;
L_0x7fcb61453ab0 .part L_0x7fcb614538c0, 23, 8;
L_0x7fcb61453b50 .part L_0x7fcb614538c0, 31, 1;
L_0x7fcb61453c70 .part L_0x7fcb614538c0, 13, 10;
L_0x7fcb61453d10 .part v0x7fcb6144eaf0_0, 23, 26;
L_0x7fcb61453db0 .concat [ 26 23 0 0], L_0x7fcb61453d10, L_0x7fcb61663200;
L_0x7fcb61453f20 .arith/sub 49, v0x7fcb6144e670_0, L_0x7fcb61453db0;
L_0x7fcb61454020 .part L_0x7fcb61453f20, 0, 23;
L_0x7fcb61454100 .concat [ 23 8 1 0], L_0x7fcb61454020, v0x7fcb6144e990_0, v0x7fcb6144ef30_0;
S_0x7fcb61411530 .scope module, "ram" "ram" 3 50, 3 1 0, S_0x7fcb61406cd0;
 .timescale 0 0;
    .port_info 0 /INPUT 1 "clk";
    .port_info 1 /INPUT 1 "load";
    .port_info 2 /INPUT 10 "addr";
    .port_info 3 /INPUT 24 "in_a";
    .port_info 4 /INPUT 24 "in_b";
    .port_info 5 /OUTPUT 24 "a";
    .port_info 6 /OUTPUT 24 "b";
v0x7fcb6144da70_0 .var "a", 23 0;
v0x7fcb6144db30_0 .net "addr", 9 0, L_0x7fcb61453c70;  alias, 1 drivers
v0x7fcb6144dbe0_0 .var "b", 23 0;
v0x7fcb6144dca0_0 .net "clk", 0 0, v0x7fcb61452c70_0;  alias, 1 drivers
v0x7fcb6144dd40_0 .var/i "i", 31 0;
L_0x7fcb61663170 .functor BUFT 1, C4<000000000000000000000000>, C4<0>, C4<0>, C4<0>;
v0x7fcb6144de30_0 .net "in_a", 23 0, L_0x7fcb61663170;  1 drivers
L_0x7fcb616631b8 .functor BUFT 1, C4<000000000000000000000000>, C4<0>, C4<0>, C4<0>;
v0x7fcb6144dee0_0 .net "in_b", 23 0, L_0x7fcb616631b8;  1 drivers
L_0x7fcb61663128 .functor BUFT 1, C4<0>, C4<0>, C4<0>, C4<0>;
v0x7fcb6144df90_0 .net "load", 0 0, L_0x7fcb61663128;  1 drivers
v0x7fcb6144e030 .array "mem_a", 0 1023, 23 0;
v0x7fcb6144e140 .array "mem_b", 0 1023, 23 0;
E_0x7fcb6143f020 .event posedge, v0x7fcb6144dca0_0;
S_0x7fcb614116a0 .scope begin, "$unm_blk_4" "$unm_blk_4" 3 21, 3 21 0, S_0x7fcb61411530;
 .timescale 0 0;
v0x7fcb6143fe50_0 .var/2s "x0", 63 0;
v0x7fcb6144d9c0_0 .var/2s "x1", 63 0;
S_0x7fcb6144f200 .scope module, "uut2" "fmul" 3 146, 3 74 0, S_0x7fcb61406b60;
 .timescale 0 0;
    .port_info 0 /INPUT 32 "x1";
    .port_info 1 /INPUT 32 "x2";
    .port_info 2 /INPUT 1 "clk";
    .port_info 3 /OUTPUT 32 "y";
L_0x7fcb61454480 .functor BUFZ 32, v0x7fcb61452a00_0, C4<00000000000000000000000000000000>, C4<00000000000000000000000000000000>, C4<00000000000000000000000000000000>;
L_0x7fcb61454800 .functor BUFZ 32, v0x7fcb6144f100_0, C4<00000000000000000000000000000000>, C4<00000000000000000000000000000000>, C4<00000000000000000000000000000000>;
L_0x7fcb614550c0 .functor NOT 1, L_0x7fcb614551d0, C4<0>, C4<0>, C4<0>;
v0x7fcb6144f3d0_0 .net *"_ivl_11", 31 0, L_0x7fcb61454800;  1 drivers
L_0x7fcb61663248 .functor BUFT 1, C4<0>, C4<0>, C4<0>, C4<0>;
v0x7fcb6144f460_0 .net/2u *"_ivl_12", 0 0, L_0x7fcb61663248;  1 drivers
L_0x7fcb61663290 .functor BUFT 1, C4<0>, C4<0>, C4<0>, C4<0>;
v0x7fcb6144f510_0 .net/2u *"_ivl_16", 0 0, L_0x7fcb61663290;  1 drivers
L_0x7fcb616632d8 .functor BUFT 1, C4<1>, C4<0>, C4<0>, C4<0>;
v0x7fcb6144f5d0_0 .net/2u *"_ivl_20", 0 0, L_0x7fcb616632d8;  1 drivers
v0x7fcb6144f680_0 .net *"_ivl_23", 11 0, L_0x7fcb61454bb0;  1 drivers
L_0x7fcb61663320 .functor BUFT 1, C4<1>, C4<0>, C4<0>, C4<0>;
v0x7fcb6144f770_0 .net/2u *"_ivl_28", 0 0, L_0x7fcb61663320;  1 drivers
v0x7fcb6144f820_0 .net *"_ivl_31", 11 0, L_0x7fcb61454ec0;  1 drivers
v0x7fcb6144f8d0_0 .net *"_ivl_37", 0 0, L_0x7fcb614551d0;  1 drivers
v0x7fcb6144f980_0 .net *"_ivl_38", 0 0, L_0x7fcb614550c0;  1 drivers
L_0x7fcb61663368 .functor BUFT 1, C4<00000000>, C4<0>, C4<0>, C4<0>;
v0x7fcb6144fa90_0 .net/2u *"_ivl_40", 7 0, L_0x7fcb61663368;  1 drivers
v0x7fcb6144fb40_0 .net *"_ivl_43", 0 0, L_0x7fcb61455330;  1 drivers
v0x7fcb6144fbf0_0 .net *"_ivl_45", 7 0, L_0x7fcb614553f0;  1 drivers
v0x7fcb6144fca0_0 .net *"_ivl_47", 7 0, L_0x7fcb61455560;  1 drivers
v0x7fcb6144fd50_0 .net *"_ivl_48", 7 0, L_0x7fcb61455620;  1 drivers
v0x7fcb6144fe00_0 .net *"_ivl_5", 31 0, L_0x7fcb61454480;  1 drivers
v0x7fcb6144feb0_0 .net *"_ivl_53", 0 0, L_0x7fcb61455880;  1 drivers
v0x7fcb6144ff60_0 .net *"_ivl_55", 22 0, L_0x7fcb614556c0;  1 drivers
v0x7fcb614500f0_0 .net *"_ivl_57", 22 0, L_0x7fcb61455a10;  1 drivers
L_0x7fcb616633b0 .functor BUFT 1, C4<00000000>, C4<0>, C4<0>, C4<0>;
v0x7fcb61450180_0 .net/2u *"_ivl_60", 7 0, L_0x7fcb616633b0;  1 drivers
v0x7fcb61450230_0 .net *"_ivl_62", 0 0, L_0x7fcb61455c90;  1 drivers
L_0x7fcb616633f8 .functor BUFT 1, C4<00000000000000000000000000000000>, C4<0>, C4<0>, C4<0>;
v0x7fcb614502d0_0 .net/2u *"_ivl_64", 31 0, L_0x7fcb616633f8;  1 drivers
v0x7fcb61450380_0 .net *"_ivl_66", 31 0, L_0x7fcb61455b30;  1 drivers
v0x7fcb61450430_0 .net "clk", 0 0, v0x7fcb61452c70_0;  alias, 1 drivers
v0x7fcb61450500_0 .net "e1", 7 0, L_0x7fcb614542c0;  1 drivers
v0x7fcb61450590_0 .net "e1a", 8 0, L_0x7fcb61454970;  1 drivers
v0x7fcb61450620_0 .net "e2", 7 0, L_0x7fcb61454630;  1 drivers
v0x7fcb614506b0_0 .net "e2a", 8 0, L_0x7fcb61454a90;  1 drivers
v0x7fcb61450740_0 .net "e3", 7 0, L_0x7fcb61455760;  1 drivers
v0x7fcb614507f0_0 .var "e3a", 8 0;
v0x7fcb614508a0_0 .var "e3a_2", 8 0;
v0x7fcb61450950_0 .var "e3b", 8 0;
v0x7fcb61450a00_0 .var "hh", 25 0;
v0x7fcb61450ab0_0 .var "hl", 23 0;
v0x7fcb61450010_0 .var "lh", 23 0;
v0x7fcb61450d40_0 .net "m1", 22 0, L_0x7fcb614543c0;  1 drivers
v0x7fcb61450dd0_0 .net "m1h", 12 0, L_0x7fcb61454ce0;  1 drivers
v0x7fcb61450e70_0 .net "m1l", 10 0, L_0x7fcb61454dc0;  1 drivers
v0x7fcb61450f20_0 .net "m2", 22 0, L_0x7fcb61454760;  1 drivers
v0x7fcb61450fd0_0 .net "m2h", 12 0, L_0x7fcb61454fa0;  1 drivers
v0x7fcb61451080_0 .net "m2l", 10 0, L_0x7fcb61455130;  1 drivers
v0x7fcb61451130_0 .net "m3", 22 0, L_0x7fcb61455bf0;  1 drivers
v0x7fcb614511e0_0 .net "s1", 0 0, L_0x7fcb614541e0;  1 drivers
v0x7fcb61451280_0 .net "s2", 0 0, L_0x7fcb61454570;  1 drivers
v0x7fcb61451320_0 .var "s3", 0 0;
v0x7fcb614513c0_0 .var "s3_2", 0 0;
v0x7fcb61451460_0 .var "sum", 25 0;
v0x7fcb61451510_0 .net "tmp", 31 0, L_0x7fcb61455ec0;  1 drivers
v0x7fcb614515c0_0 .net "x1", 31 0, v0x7fcb61452a00_0;  1 drivers
v0x7fcb61451670_0 .net "x2", 31 0, v0x7fcb6144f100_0;  alias, 1 drivers
v0x7fcb61451710_0 .var "y", 31 0;
L_0x7fcb614541e0 .part L_0x7fcb61454480, 31, 1;
L_0x7fcb614542c0 .part L_0x7fcb61454480, 23, 8;
L_0x7fcb614543c0 .part L_0x7fcb61454480, 0, 23;
L_0x7fcb61454570 .part L_0x7fcb61454800, 31, 1;
L_0x7fcb61454630 .part L_0x7fcb61454800, 23, 8;
L_0x7fcb61454760 .part L_0x7fcb61454800, 0, 23;
L_0x7fcb61454970 .concat [ 8 1 0 0], L_0x7fcb614542c0, L_0x7fcb61663248;
L_0x7fcb61454a90 .concat [ 8 1 0 0], L_0x7fcb61454630, L_0x7fcb61663290;
L_0x7fcb61454bb0 .part L_0x7fcb614543c0, 11, 12;
L_0x7fcb61454ce0 .concat [ 12 1 0 0], L_0x7fcb61454bb0, L_0x7fcb616632d8;
L_0x7fcb61454dc0 .part L_0x7fcb614543c0, 0, 11;
L_0x7fcb61454ec0 .part L_0x7fcb61454760, 11, 12;
L_0x7fcb61454fa0 .concat [ 12 1 0 0], L_0x7fcb61454ec0, L_0x7fcb61663320;
L_0x7fcb61455130 .part L_0x7fcb61454760, 0, 11;
L_0x7fcb614551d0 .part v0x7fcb614508a0_0, 8, 1;
L_0x7fcb61455330 .part v0x7fcb61451460_0, 25, 1;
L_0x7fcb614553f0 .part v0x7fcb61450950_0, 0, 8;
L_0x7fcb61455560 .part v0x7fcb614508a0_0, 0, 8;
L_0x7fcb61455620 .functor MUXZ 8, L_0x7fcb61455560, L_0x7fcb614553f0, L_0x7fcb61455330, C4<>;
L_0x7fcb61455760 .functor MUXZ 8, L_0x7fcb61455620, L_0x7fcb61663368, L_0x7fcb614550c0, C4<>;
L_0x7fcb61455880 .part v0x7fcb61451460_0, 25, 1;
L_0x7fcb614556c0 .part v0x7fcb61451460_0, 2, 23;
L_0x7fcb61455a10 .part v0x7fcb61451460_0, 1, 23;
L_0x7fcb61455bf0 .functor MUXZ 23, L_0x7fcb61455a10, L_0x7fcb614556c0, L_0x7fcb61455880, C4<>;
L_0x7fcb61455c90 .cmp/eq 8, L_0x7fcb61455760, L_0x7fcb616633b0;
L_0x7fcb61455b30 .concat [ 23 8 1 0], L_0x7fcb61455bf0, L_0x7fcb61455760, v0x7fcb614513c0_0;
L_0x7fcb61455ec0 .functor MUXZ 32, L_0x7fcb61455b30, L_0x7fcb616633f8, L_0x7fcb61455c90, C4<>;
    .scope S_0x7fcb61411530;
T_0 ;
    %wait E_0x7fcb6143f020;
    %load/vec4 v0x7fcb6144df90_0;
    %flag_set/vec4 8;
    %jmp/0xz  T_0.0, 8;
    %load/vec4 v0x7fcb6144de30_0;
    %load/vec4 v0x7fcb6144db30_0;
    %pad/u 12;
    %ix/vec4 3;
    %ix/load 4, 0, 0; Constant delay
    %assign/vec4/a/d v0x7fcb6144e030, 0, 4;
    %load/vec4 v0x7fcb6144dee0_0;
    %load/vec4 v0x7fcb6144db30_0;
    %pad/u 12;
    %ix/vec4 3;
    %ix/load 4, 0, 0; Constant delay
    %assign/vec4/a/d v0x7fcb6144e140, 0, 4;
T_0.0 ;
    %load/vec4 v0x7fcb6144db30_0;
    %pad/u 12;
    %ix/vec4 4;
    %load/vec4a v0x7fcb6144e030, 4;
    %assign/vec4 v0x7fcb6144da70_0, 0;
    %load/vec4 v0x7fcb6144db30_0;
    %pad/u 12;
    %ix/vec4 4;
    %load/vec4a v0x7fcb6144e140, 4;
    %assign/vec4 v0x7fcb6144dbe0_0, 0;
    %jmp T_0;
    .thread T_0;
    .scope S_0x7fcb61411530;
T_1 ;
    %pushi/vec4 0, 0, 32;
    %store/vec4 v0x7fcb6144dd40_0, 0, 32;
T_1.0 ;
    %load/vec4 v0x7fcb6144dd40_0;
    %cmpi/s 1024, 0, 32;
    %jmp/0xz T_1.1, 5;
    %fork t_1, S_0x7fcb614116a0;
    %jmp t_0;
    .scope S_0x7fcb614116a0;
t_1 ;
    %pushi/vec4 2147483648, 0, 49;
    %concati/vec4 0, 0, 15;
    %pushi/vec4 1024, 0, 64;
    %load/vec4 v0x7fcb6144dd40_0;
    %pad/s 64;
    %add;
    %muli 4096, 0, 64;
    %div/s;
    %pushi/vec4 2147483648, 0, 49;
    %concati/vec4 0, 0, 15;
    %pushi/vec4 1025, 0, 64;
    %load/vec4 v0x7fcb6144dd40_0;
    %pad/s 64;
    %add;
    %muli 4096, 0, 64;
    %div/s;
    %add;
    %pushi/vec4 2, 0, 64;
    %div/s;
    %cast2;
    %store/vec4 v0x7fcb6143fe50_0, 0, 64;
    %load/vec4 v0x7fcb6143fe50_0;
    %load/vec4 v0x7fcb6143fe50_0;
    %mul;
    %cast2;
    %store/vec4 v0x7fcb6144d9c0_0, 0, 64;
    %load/vec4 v0x7fcb6144d9c0_0;
    %ix/load 4, 24, 0;
    %flag_set/imm 4, 0;
    %shiftr 4;
    %pad/s 24;
    %ix/getv/s 4, v0x7fcb6144dd40_0;
    %store/vec4a v0x7fcb6144e030, 4, 0;
    %load/vec4 v0x7fcb6143fe50_0;
    %pad/s 24;
    %ix/getv/s 4, v0x7fcb6144dd40_0;
    %store/vec4a v0x7fcb6144e140, 4, 0;
    %end;
    .scope S_0x7fcb61411530;
t_0 %join;
    %load/vec4 v0x7fcb6144dd40_0;
    %addi 1, 0, 32;
    %store/vec4 v0x7fcb6144dd40_0, 0, 32;
    %jmp T_1.0;
T_1.1 ;
    %end;
    .thread T_1;
    .scope S_0x7fcb61406cd0;
T_2 ;
    %wait E_0x7fcb6143f020;
    %load/vec4 v0x7fcb6144e7c0_0;
    %assign/vec4 v0x7fcb6144e8e0_0, 0;
    %load/vec4 v0x7fcb6144ed00_0;
    %assign/vec4 v0x7fcb6144eda0_0, 0;
    %pushi/vec4 1, 0, 2;
    %load/vec4 v0x7fcb6144f050_0;
    %parti/s 23, 0, 2;
    %concat/vec4; draw_concat_vec4
    %assign/vec4 v0x7fcb6144ea40_0, 0;
    %load/vec4 v0x7fcb6144e8e0_0;
    %pad/u 32;
    %cmpi/u 253, 0, 32;
    %flag_or 5, 4; GT is !LE
    %flag_inv 5;
    %flag_mov 8, 5;
    %jmp/0 T_2.0, 8;
    %pushi/vec4 0, 0, 9;
    %jmp/1 T_2.1, 8;
T_2.0 ; End of true expr.
    %pushi/vec4 253, 0, 9;
    %load/vec4 v0x7fcb6144e8e0_0;
    %pad/u 9;
    %sub;
    %jmp/0 T_2.1, 8;
 ; End of false expr.
    %blend;
T_2.1;
    %pad/u 8;
    %assign/vec4 v0x7fcb6144e990_0, 0;
    %load/vec4 v0x7fcb6144eda0_0;
    %assign/vec4 v0x7fcb6144ef30_0, 0;
    %load/vec4 v0x7fcb6144ea40_0;
    %pad/u 49;
    %load/vec4 v0x7fcb6144e430_0;
    %pad/u 49;
    %mul;
    %assign/vec4 v0x7fcb6144eaf0_0, 0;
    %load/vec4 v0x7fcb6144e5c0_0;
    %pad/u 49;
    %ix/load 4, 1, 0;
    %flag_set/imm 4, 0;
    %shiftl 4;
    %assign/vec4 v0x7fcb6144e670_0, 0;
    %load/vec4 v0x7fcb6144efc0_0;
    %assign/vec4 v0x7fcb6144f100_0, 0;
    %jmp T_2;
    .thread T_2;
    .scope S_0x7fcb6144f200;
T_3 ;
    %wait E_0x7fcb6143f020;
    %load/vec4 v0x7fcb61450dd0_0;
    %pad/u 26;
    %load/vec4 v0x7fcb61450fd0_0;
    %pad/u 26;
    %mul;
    %assign/vec4 v0x7fcb61450a00_0, 0;
    %load/vec4 v0x7fcb61450dd0_0;
    %pad/u 24;
    %load/vec4 v0x7fcb61451080_0;
    %pad/u 24;
    %mul;
    %assign/vec4 v0x7fcb61450ab0_0, 0;
    %load/vec4 v0x7fcb61450e70_0;
    %pad/u 24;
    %load/vec4 v0x7fcb61450fd0_0;
    %pad/u 24;
    %mul;
    %assign/vec4 v0x7fcb61450010_0, 0;
    %load/vec4 v0x7fcb61450590_0;
    %load/vec4 v0x7fcb614506b0_0;
    %add;
    %addi 129, 0, 9;
    %assign/vec4 v0x7fcb614507f0_0, 0;
    %load/vec4 v0x7fcb614511e0_0;
    %load/vec4 v0x7fcb61451280_0;
    %xor;
    %assign/vec4 v0x7fcb61451320_0, 0;
    %load/vec4 v0x7fcb61450a00_0;
    %load/vec4 v0x7fcb61450ab0_0;
    %pad/u 26;
    %ix/load 4, 11, 0;
    %flag_set/imm 4, 0;
    %shiftr 4;
    %add;
    %load/vec4 v0x7fcb61450010_0;
    %pad/u 26;
    %ix/load 4, 11, 0;
    %flag_set/imm 4, 0;
    %shiftr 4;
    %add;
    %addi 2, 0, 26;
    %assign/vec4 v0x7fcb61451460_0, 0;
    %load/vec4 v0x7fcb614507f0_0;
    %addi 1, 0, 9;
    %assign/vec4 v0x7fcb61450950_0, 0;
    %load/vec4 v0x7fcb614507f0_0;
    %assign/vec4 v0x7fcb614508a0_0, 0;
    %load/vec4 v0x7fcb61451320_0;
    %assign/vec4 v0x7fcb614513c0_0, 0;
    %load/vec4 v0x7fcb61451510_0;
    %assign/vec4 v0x7fcb61451710_0, 0;
    %jmp T_3;
    .thread T_3;
    .scope S_0x7fcb61406b60;
T_4 ;
    %wait E_0x7fcb6143f020;
    %load/vec4 v0x7fcb614520c0_0;
    %assign/vec4 v0x7fcb61452170_0, 0;
    %load/vec4 v0x7fcb61452850_0;
    %assign/vec4 v0x7fcb614528e0_0, 0;
    %load/vec4 v0x7fcb61452170_0;
    %assign/vec4 v0x7fcb61452220_0, 0;
    %load/vec4 v0x7fcb614528e0_0;
    %assign/vec4 v0x7fcb61452970_0, 0;
    %load/vec4 v0x7fcb61452220_0;
    %assign/vec4 v0x7fcb614522d0_0, 0;
    %load/vec4 v0x7fcb61452970_0;
    %assign/vec4 v0x7fcb61452a00_0, 0;
    %load/vec4 v0x7fcb614522d0_0;
    %assign/vec4 v0x7fcb61452380_0, 0;
    %load/vec4 v0x7fcb61452380_0;
    %assign/vec4 v0x7fcb61452510_0, 0;
    %load/vec4 v0x7fcb61452510_0;
    %assign/vec4 v0x7fcb614525a0_0, 0;
    %load/vec4 v0x7fcb614527c0_0;
    %parti/s 1, 31, 6;
    %load/vec4 v0x7fcb614527c0_0;
    %parti/s 8, 23, 6;
    %load/vec4 v0x7fcb614525a0_0;
    %sub;
    %concat/vec4; draw_concat_vec4
    %load/vec4 v0x7fcb614527c0_0;
    %parti/s 23, 0, 2;
    %concat/vec4; draw_concat_vec4
    %assign/vec4 v0x7fcb61452b60_0, 0;
    %jmp T_4;
    .thread T_4;
    .scope S_0x7fcb6141fda0;
T_5 ;
    %vpi_call/w 3 185 "$dumpfile", "uut.vcd" {0 0 0};
    %vpi_call/w 3 186 "$dumpvars", 32'sb00000000000000000000000000000000, v0x7fcb61452c70_0, v0x7fcb61452d90_0, v0x7fcb61452e20_0, v0x7fcb61452ed0_0 {0 0 0};
    %end;
    .thread T_5;
    .scope S_0x7fcb6141fda0;
T_6 ;
    %pushi/vec4 0, 0, 1;
    %store/vec4 v0x7fcb61452c70_0, 0, 1;
T_6.0 ;
    %delay 5, 0;
    %load/vec4 v0x7fcb61452c70_0;
    %nor/r;
    %store/vec4 v0x7fcb61452c70_0, 0, 1;
    %jmp T_6.0;
    %end;
    .thread T_6;
    .scope S_0x7fcb6141fda0;
T_7 ;
    %delay 300, 0;
    %vpi_call/w 3 198 "$finish" {0 0 0};
    %end;
    .thread T_7;
    .scope S_0x7fcb6141fda0;
T_8 ;
    %delay 100, 0;
    %pushi/vec4 1077936128, 0, 32;
    %store/vec4 v0x7fcb61452d90_0, 0, 32;
    %pushi/vec4 1073741824, 0, 32;
    %store/vec4 v0x7fcb61452e20_0, 0, 32;
    %delay 10, 0;
    %pushi/vec4 0, 0, 32;
    %store/vec4 v0x7fcb61452d90_0, 0, 32;
    %pushi/vec4 0, 0, 32;
    %store/vec4 v0x7fcb61452e20_0, 0, 32;
    %delay 10, 0;
    %pushi/vec4 1132396544, 0, 32;
    %store/vec4 v0x7fcb61452d90_0, 0, 32;
    %pushi/vec4 3279880192, 0, 32;
    %store/vec4 v0x7fcb61452e20_0, 0, 32;
    %delay 10, 0;
    %pushi/vec4 1078523331, 0, 32;
    %store/vec4 v0x7fcb61452d90_0, 0, 32;
    %pushi/vec4 1073741824, 0, 32;
    %store/vec4 v0x7fcb61452e20_0, 0, 32;
    %delay 10, 0;
    %pushi/vec4 1065353216, 0, 32;
    %store/vec4 v0x7fcb61452d90_0, 0, 32;
    %pushi/vec4 1066192077, 0, 32;
    %store/vec4 v0x7fcb61452e20_0, 0, 32;
    %delay 10, 0;
    %pushi/vec4 1075838976, 0, 32;
    %store/vec4 v0x7fcb61452d90_0, 0, 32;
    %pushi/vec4 1073741824, 0, 32;
    %store/vec4 v0x7fcb61452e20_0, 0, 32;
    %delay 10, 0;
    %pushi/vec4 2131545293, 0, 32;
    %store/vec4 v0x7fcb61452d90_0, 0, 32;
    %pushi/vec4 2123995546, 0, 32;
    %store/vec4 v0x7fcb61452e20_0, 0, 32;
    %end;
    .thread T_8;
# The file index is used to find the file name in the following table.
:file_names 4;
    "N/A";
    "<interactive>";
    "-";
    "fdiv.sv";
