35005211
233665123
278722862
294702567
304089172
336465782
424238335
468703135
521595368
596516649
628175011
635723058
719885386
783368690
846930886
861021530
1025202362
1059961393
1101513929
1102520059
1125898167
1189641421
1303455736
1315634022
1350490027
1365180540
1369133069
1540383426
1649760492
1656478042
1681692777
1714636915
1726956429
1801979802
1804289383
1957747793
1967513926
2044897763
2089018456
2145174067
1131176229
1653377373
859484421
1914544919
608413784
756898537
1734575198
1973594324
149798315
2038664370
1129566413
184803526
412776091
1424268980
1911759956
749241873
137806862
42999170
982906996
135497281
511702305
2084420925
1937477084
1827336327
572660336
1159126505
805750846
1632621729
1100661313
1433925857
1141616124
84353895
939819582
2001100545
1998898814
1548233367
610515434
1585990364
1374344043
760313750
0.00024685 s
